0 info it worked if it ends with ok
1 verbose cli [ '/usr/local/Cellar/node/5.0.0/bin/node',
1 verbose cli   '/usr/local/bin/npm',
1 verbose cli   'run',
1 verbose cli   'server' ]
2 info using npm@3.8.6
3 info using node@v5.0.0
4 verbose run-script [ 'preserver', 'server', 'postserver' ]
5 info lifecycle lookup-server@0.0.1~preserver: lookup-server@0.0.1
6 silly lifecycle lookup-server@0.0.1~preserver: no script for preserver, continuing
7 info lifecycle lookup-server@0.0.1~server: lookup-server@0.0.1
8 verbose lifecycle lookup-server@0.0.1~server: unsafe-perm in lifecycle true
9 verbose lifecycle lookup-server@0.0.1~server: PATH: /usr/local/lib/node_modules/npm/bin/node-gyp-bin:/Users/tianjie/v/node_modules/.bin:/usr/local/Cellar/node/5.0.0/bin:/usr/local/lib/node_modules/npm/bin/node-gyp-bin:/Users/tianjie/v/node_modules/.bin:/usr/local/Cellar/node/5.0.0/bin:/usr/local/bin:/usr/bin:/bin:/usr/sbin:/sbin:/Library/Frameworks/Mono.framework/Versions/Current/Commands:/Users/tianjie/anaconda/bin:/Users/tianjie/.dnx/runtimes/dnx-mono.1.0.0-rc1-update1/bin:/Users/tianjie/.dnx/bin:/Users/tianjie/.rvm/gems/ruby-2.1.5/bin:/Users/tianjie/.rvm/gems/ruby-2.1.5@global/bin:/Users/tianjie/.rvm/rubies/ruby-2.1.5/bin:/opt/local/bin:/opt/local/sbin:/Users/tianjie/.rvm/bin
10 verbose lifecycle lookup-server@0.0.1~server: CWD: /Users/tianjie/v
11 silly lifecycle lookup-server@0.0.1~server: Args: [ '-c', 'babel-node app.js' ]
12 silly lifecycle lookup-server@0.0.1~server: Returned: code: 1  signal: null
13 info lifecycle lookup-server@0.0.1~server: Failed to exec server script
14 verbose stack Error: lookup-server@0.0.1 server: `babel-node app.js`
14 verbose stack Exit status 1
14 verbose stack     at EventEmitter.<anonymous> (/usr/local/lib/node_modules/npm/lib/utils/lifecycle.js:239:16)
14 verbose stack     at emitTwo (events.js:87:13)
14 verbose stack     at EventEmitter.emit (events.js:172:7)
14 verbose stack     at ChildProcess.<anonymous> (/usr/local/lib/node_modules/npm/lib/utils/spawn.js:24:14)
14 verbose stack     at emitTwo (events.js:87:13)
14 verbose stack     at ChildProcess.emit (events.js:172:7)
14 verbose stack     at maybeClose (internal/child_process.js:818:16)
14 verbose stack     at Process.ChildProcess._handle.onexit (internal/child_process.js:211:5)
15 verbose pkgid lookup-server@0.0.1
16 verbose cwd /Users/tianjie/v
17 error Darwin 16.5.0
18 error argv "/usr/local/Cellar/node/5.0.0/bin/node" "/usr/local/bin/npm" "run" "server"
19 error node v5.0.0
20 error npm  v3.8.6
21 error code ELIFECYCLE
22 error lookup-server@0.0.1 server: `babel-node app.js`
22 error Exit status 1
23 error Failed at the lookup-server@0.0.1 server script 'babel-node app.js'.
23 error Make sure you have the latest version of node.js and npm installed.
23 error If you do, this is most likely a problem with the lookup-server package,
23 error not with npm itself.
23 error Tell the author that this fails on your system:
23 error     babel-node app.js
23 error You can get information on how to open an issue for this project with:
23 error     npm bugs lookup-server
23 error Or if that isn't available, you can get their info via:
23 error     npm owner ls lookup-server
23 error There is likely additional logging output above.
24 verbose exit [ 1, true ]
